0 info it worked if it ends with ok
1 verbose cli [ 'E:\\Program Files\\nodejs\\node.exe',
1 verbose cli   'E:\\Program Files\\nodejs\\node_modules\\npm\\bin\\npm-cli.js',
1 verbose cli   'run',
1 verbose cli   'gulp' ]
2 info using npm@3.10.10
3 info using node@v6.10.3
4 verbose run-script [ 'pregulp', 'gulp', 'postgulp' ]
5 info lifecycle discs@1.0.0~pregulp: discs@1.0.0
6 silly lifecycle discs@1.0.0~pregulp: no script for pregulp, continuing
7 info lifecycle discs@1.0.0~gulp: discs@1.0.0
8 verbose lifecycle discs@1.0.0~gulp: unsafe-perm in lifecycle true
9 verbose lifecycle discs@1.0.0~gulp: PATH: E:\Program Files\nodejs\node_modules\npm\bin\node-gyp-bin;C:\Users\sufer\Desktop\dist\node_modules\.bin;C:\WINDOWS\system32;C:\WINDOWS;C:\WINDOWS\System32\Wbem;C:\WINDOWS\System32\WindowsPowerShell\v1.0\;E:\Program Files\nodejs\;E:\Program Files\TortoiseSVN\bin;E:\Program Files\SlikSvn\bin;E:\Program Files\Git\cmd;C:\Users\sufer\AppData\Local\Microsoft\WindowsApps;C:\Users\sufer\AppData\Roaming\npm;E:\Program Files (x86)\Microsoft VS Code\bin
10 verbose lifecycle discs@1.0.0~gulp: CWD: C:\Users\sufer\Desktop\dist
11 silly lifecycle discs@1.0.0~gulp: Args: [ '/d /s /c', 'gulp default ' ]
12 silly lifecycle discs@1.0.0~gulp: Returned: code: 3221225786  signal: null
13 info lifecycle discs@1.0.0~gulp: Failed to exec gulp script
14 verbose stack Error: discs@1.0.0 gulp: `gulp default `
14 verbose stack Exit status 3221225786
14 verbose stack     at EventEmitter.<anonymous> (E:\Program Files\nodejs\node_modules\npm\lib\utils\lifecycle.js:255:16)
14 verbose stack     at emitTwo (events.js:106:13)
14 verbose stack     at EventEmitter.emit (events.js:191:7)
14 verbose stack     at ChildProcess.<anonymous> (E:\Program Files\nodejs\node_modules\npm\lib\utils\spawn.js:40:14)
14 verbose stack     at emitTwo (events.js:106:13)
14 verbose stack     at ChildProcess.emit (events.js:191:7)
14 verbose stack     at maybeClose (internal/child_process.js:886:16)
14 verbose stack     at Process.ChildProcess._handle.onexit (internal/child_process.js:226:5)
15 verbose pkgid discs@1.0.0
16 verbose cwd C:\Users\sufer\Desktop\dist
17 error Windows_NT 10.0.14393
18 error argv "E:\\Program Files\\nodejs\\node.exe" "E:\\Program Files\\nodejs\\node_modules\\npm\\bin\\npm-cli.js" "run" "gulp"
19 error node v6.10.3
20 error npm  v3.10.10
21 error code ELIFECYCLE
22 error discs@1.0.0 gulp: `gulp default `
22 error Exit status 3221225786
23 error Failed at the discs@1.0.0 gulp script 'gulp default '.
23 error Make sure you have the latest version of node.js and npm installed.
23 error If you do, this is most likely a problem with the discs package,
23 error not with npm itself.
23 error Tell the author that this fails on your system:
23 error     gulp default
23 error You can get information on how to open an issue for this project with:
23 error     npm bugs discs
23 error Or if that isn't available, you can get their info via:
23 error     npm owner ls discs
23 error There is likely additional logging output above.
24 verbose exit [ 1, true ]
